0 info it worked if it ends with ok
1 verbose cli [ '/usr/local/bin/node',
1 verbose cli   '/usr/local/bin/npm',
1 verbose cli   'publish',
1 verbose cli   './',
1 verbose cli   '--tag',
1 verbose cli   'latest' ]
2 info using npm@1.4.28
3 info using node@v0.10.32
4 verbose publish [ './' ]
5 verbose cache add [ './', null ]
6 verbose cache add name=undefined spec="./" args=["./",null]
7 verbose parsed url { protocol: null,
7 verbose parsed url   slashes: null,
7 verbose parsed url   auth: null,
7 verbose parsed url   host: null,
7 verbose parsed url   port: null,
7 verbose parsed url   hostname: null,
7 verbose parsed url   hash: null,
7 verbose parsed url   search: null,
7 verbose parsed url   query: null,
7 verbose parsed url   pathname: './',
7 verbose parsed url   path: './',
7 verbose parsed url   href: './' }
8 silly lockFile 0ee6c175- ./
9 verbose lock ./ /home/s0c45/.npm/0ee6c175-.lock
10 verbose tar pack [ '/home/s0c45/.npm/anabeljs/0.1.0/package.tgz', './' ]
11 verbose tarball /home/s0c45/.npm/anabeljs/0.1.0/package.tgz
12 verbose folder ./
13 info prepublish anabeljs@0.1.0
14 silly lockFile 04cb2bca-tar tar://./
15 verbose lock tar://./ /home/s0c45/.npm/04cb2bca-tar.lock
16 silly lockFile 80f499dc-5-npm-anabeljs-0-1-0-package-tgz tar:///home/s0c45/.npm/anabeljs/0.1.0/package.tgz
17 verbose lock tar:///home/s0c45/.npm/anabeljs/0.1.0/package.tgz /home/s0c45/.npm/80f499dc-5-npm-anabeljs-0-1-0-package-tgz.lock
18 silly lockFile 04cb2bca-tar tar://./
19 silly lockFile 04cb2bca-tar tar://./
20 silly lockFile 80f499dc-5-npm-anabeljs-0-1-0-package-tgz tar:///home/s0c45/.npm/anabeljs/0.1.0/package.tgz
21 silly lockFile 80f499dc-5-npm-anabeljs-0-1-0-package-tgz tar:///home/s0c45/.npm/anabeljs/0.1.0/package.tgz
22 silly lockFile 1afae046-s0c45-npm-anabeljs-0-1-0-package /home/s0c45/.npm/anabeljs/0.1.0/package
23 verbose lock /home/s0c45/.npm/anabeljs/0.1.0/package /home/s0c45/.npm/1afae046-s0c45-npm-anabeljs-0-1-0-package.lock
24 silly lockFile 1afae046-s0c45-npm-anabeljs-0-1-0-package /home/s0c45/.npm/anabeljs/0.1.0/package
25 silly lockFile 1afae046-s0c45-npm-anabeljs-0-1-0-package /home/s0c45/.npm/anabeljs/0.1.0/package
26 silly lockFile 0ee6c175- ./
27 silly lockFile 0ee6c175- ./
28 silly publish { name: 'anabeljs',
28 silly publish   version: '0.1.0',
28 silly publish   description: 'Anabel Suit tool for super express aplications',
28 silly publish   main: 'index.js',
28 silly publish   scripts: { test: 'mocha test/' },
28 silly publish   repository: { type: 'git', url: 'https://github.com/S0c5/anabeljs.git' },
28 silly publish   keywords: [ 'Utils', 'tool', 'express' ],
28 silly publish   author: { name: 's0c5', email: 'david.barinas.dev@gmail.com' },
28 silly publish   license: 'GPL 2.0',
28 silly publish   bugs: { url: 'https://github.com/S0c5/anabeljs/issues' },
28 silly publish   homepage: 'https://github.com/S0c5/anabeljs',
28 silly publish   dependencies: { express: '^4.12.0', lodash: '^3.3.1' },
28 silly publish   readme: '# anabeljs\nAnabel Js, suit tool for express aplications\n\n##### before Anabel: \n```JavaScript\nvar express   = require(\'express\');\nvar app       = express();\n\nvar userModel    = require(\'../../../moodels/Model\'); // this ../../ is asdjasldasd\nvar sum      = require(\'../../../lib/sum\');\nvar sub      = require(\'../../../lib/sub\');\n  \napp.get(\'/sum\', function(req, res, next){\n    res.json({result: sum(2,2) })\n});\n\napp.get(\'/sub\', function(req, res, next){\n    res.json({result: sub(5, 3) });\n});\n\napp.get(\'/users\', funtion(req, res, next){\n    userModel.find({}, function(err, users){\n        res.json(users);\n    })\n});\n\n\n(...)\n```\n\n##### with Anabel:\n\n\n```JavaScript\nvar anabel  = require(\'anabeljs\');\nvar app = anabel.init();\n\n\n\napp.config({\n    dirName: __dirname,\n    libPath: \'./lib\',\n    middleWarePath: \'./middleware\',\n    modelPath: \'./models\'\n  });\n\nvar userModel = app.model(\'user\');\nvar sum       = app.lib(\'sum\');\nvar sub       = app.lib(\'sub\');\n\napp.get(\'/sum\', function(req, res, next){\n    res.json({result: sum(2,2) })\n});\n\napp.get(\'/sub\', function(req, res, next){\n    res.json({result: sub(5, 3) });\n});\n\napp.get(\'/users\', funtion(req, res, next){\n    userModel.find({}, function(err, users){\n        res.json(users);\n    })\n});\n    \n\n\n```\n\n\n\n\n\n\n',
28 silly publish   readmeFilename: 'README.md',
28 silly publish   gitHead: 'b1e729c87f03c8b8becaa8034470524490968a8b',
28 silly publish   _id: 'anabeljs@0.1.0',
28 silly publish   _shasum: '63fd5840b0b2fb6499a4b5f56db22dabe7facd4d',
28 silly publish   _from: './' }
29 verbose request where is /anabeljs
30 verbose request registry http://registry.npmjs.org/
31 verbose request id 67187a2a659315e0
32 verbose url raw /anabeljs
33 verbose url resolving [ 'http://registry.npmjs.org/', './anabeljs' ]
34 verbose url resolved http://registry.npmjs.org/anabeljs
35 verbose request where is http://registry.npmjs.org/anabeljs
36 info trying registry request attempt 1 at 19:43:09
37 http PUT http://registry.npmjs.org/anabeljs
38 http 403 http://registry.npmjs.org/anabeljs
39 verbose headers { server: 'CouchDB/1.5.0 (Erlang OTP/R16B03)',
39 verbose headers   'content-type': 'application/json',
39 verbose headers   'cache-control': 'max-age=60',
39 verbose headers   'content-length': '3950',
39 verbose headers   'accept-ranges': 'bytes',
39 verbose headers   date: 'Thu, 26 Feb 2015 00:43:10 GMT',
39 verbose headers   via: '1.1 varnish',
39 verbose headers   connection: 'keep-alive',
39 verbose headers   'x-served-by': 'cache-jfk1026-JFK',
39 verbose headers   'x-cache': 'MISS',
39 verbose headers   'x-cache-hits': '0',
39 verbose headers   'x-timer': 'S1424911389.989254,VS0,VE241' }
40 error publish Failed PUT 403
41 error Error: forbidden cannot modify pre-existing version: 0.1.0
41 error old={"name":"anabeljs","version":"0.1.0","description":"Anabel Suit tool for super express aplications","main":"index.js","scripts":{"test":"mocha test/"},"repository":{"type":"git","url":"https://github.com/S0c5/anabeljs.git"},"keywords":["Utils","tool","express"],"author":{"name":"s0c5","email":"david.barinas.dev@gmail.com"},"license":"GPL 2.0","bugs":{"url":"https://github.com/S0c5/anabeljs/issues"},"homepage":"https://github.com/S0c5/anabeljs","dependencies":{"express":"^4.12.0","lodash":"^3.3.1"},"gitHead":"b1e729c87f03c8b8becaa8034470524490968a8b","_id":"anabeljs@0.1.0","_shasum":"63fd5840b0b2fb6499a4b5f56db22dabe7facd4d","_from":"./","_npmVersion":"1.4.28","_npmUser":{"name":"s0c5","email":"david.barinas.dev@gmail.com"},"maintainers":[{"name":"s0c5","email":"david.barinas.dev@gmail.com"}],"dist":{"shasum":"63fd5840b0b2fb6499a4b5f56db22dabe7facd4d","tarball":"http://registry.npmjs.org/anabeljs/-/anabeljs-0.1.0.tgz"}}
41 error new={"name":"anabeljs","version":"0.1.0","description":"Anabel Suit tool for super express aplications","main":"index.js","scripts":{"test":"mocha test/"},"repository":{"type":"git","url":"https://github.com/S0c5/anabeljs.git"},"keywords":["Utils","tool","express"],"author":{"name":"s0c5","email":"david.barinas.dev@gmail.com"},"license":"GPL 2.0","bugs":{"url":"https://github.com/S0c5/anabeljs/issues"},"homepage":"https://github.com/S0c5/anabeljs","dependencies":{"express":"^4.12.0","lodash":"^3.3.1"},"readme":"# anabeljs\u000aAnabel Js, suit tool for express aplications\u000a\u000a##### before Anabel: \u000a```JavaScript\u000avar express   = require('express');\u000avar app       = express();\u000a\u000avar userModel    = require('../../../moodels/Model'); // this ../../ is asdjasldasd\u000avar sum      = require('../../../lib/sum');\u000avar sub      = require('../../../lib/sub');\u000a  \u000aapp.get('/sum', function(req, res, next){\u000a    res.json({result: sum(2,2) })\u000a});\u000a\u000aapp.get('/sub', function(req, res, next){\u000a    res.json({result: sub(5, 3) });\u000a});\u000a\u000aapp.get('/users', funtion(req, res, next){\u000a    userModel.find({}, function(err, users){\u000a        res.json(users);\u000a    })\u000a});\u000a\u000a\u000a(...)\u000a```\u000a\u000a##### with Anabel:\u000a\u000a\u000a```JavaScript\u000avar anabel  = require('anabeljs');\u000avar app = anabel.init();\u000a\u000a\u000a\u000aapp.config({\u000a    dirName: __dirname,\u000a    libPath: './lib',\u000a    middleWarePath: './middleware',\u000a    modelPath: './models'\u000a  });\u000a\u000avar userModel = app.model('user');\u000avar sum       = app.lib('sum');\u000avar sub       = app.lib('sub');\u000a\u000aapp.get('/sum', function(req, res, next){\u000a    res.json({result: sum(2,2) })\u000a});\u000a\u000aapp.get('/sub', function(req, res, next){\u000a    res.json({result: sub(5, 3) });\u000a});\u000a\u000aapp.get('/users', funtion(req, res, next){\u000a    userModel.find({}, function(err, users){\u000a        res.json(users);\u000a    })\u000a});\u000a    \u000a\u000a\u000a```\u000a\u000a\u000a\u000a\u000a\u000a\u000a","readmeFilename":"README.md","gitHead":"b1e729c87f03c8b8becaa8034470524490968a8b","_id":"anabeljs@0.1.0","_shasum":"63fd5840b0b2fb6499a4b5f56db22dabe7facd4d","_from":"./","_npmVersion":"1.4.28","_npmUser":{"name":"s0c5","email":"david.barinas.dev@gmail.com"},"maintainers":[{"name":"s0c5","email":"david.barinas.dev@gmail.com"}],"dist":{"shasum":"63fd5840b0b2fb6499a4b5f56db22dabe7facd4d","tarball":"http://registry.npmjs.org/anabeljs/-/anabeljs-0.1.0.tgz"}}: anabeljs
41 error     at RegClient.<anonymous> (/usr/local/lib/node_modules/npm/node_modules/npm-registry-client/lib/request.js:308:14)
41 error     at Request._callback (/usr/local/lib/node_modules/npm/node_modules/npm-registry-client/lib/request.js:246:65)
41 error     at Request.self.callback (/usr/local/lib/node_modules/npm/node_modules/request/request.js:236:22)
41 error     at Request.emit (events.js:98:17)
41 error     at Request.<anonymous> (/usr/local/lib/node_modules/npm/node_modules/request/request.js:1142:14)
41 error     at Request.emit (events.js:117:20)
41 error     at IncomingMessage.<anonymous> (/usr/local/lib/node_modules/npm/node_modules/request/request.js:1096:12)
41 error     at IncomingMessage.emit (events.js:117:20)
41 error     at _stream_readable.js:943:16
41 error     at process._tickCallback (node.js:419:13)
42 error If you need help, you may report this *entire* log,
42 error including the npm and node versions, at:
42 error     <http://github.com/npm/npm/issues>
43 error System Linux 3.8.0-26-generic
44 error command "/usr/local/bin/node" "/usr/local/bin/npm" "publish" "./" "--tag" "latest"
45 error cwd /home/s0c45/Documents/npm/anabeljs
46 error node -v v0.10.32
47 error npm -v 1.4.28
48 verbose exit [ 1, true ]
